<?xml version="1.0" encoding="UTF-8"?>
<coverage generated="1638597452446" clover="3.2.0">
  <project timestamp="1638597452446" name="All files">
    <metrics statements="4" coveredstatements="1" conditionals="0" coveredconditionals="0" methods="1" coveredmethods="0" elements="5" coveredelements="1" complexity="0" loc="4" ncloc="4" packages="1" files="1" classes="1"/>
    <file name="add.js" path="/Users/gimgayeon/myfolder/Projects/jest/unit-basic/add.js">
      <metrics statements="4" coveredstatements="1" conditionals="0" coveredconditionals="0" methods="1" coveredmethods="0"/>
      <line num="1" count="0" type="stmt"/>
      <line num="2" count="0" type="stmt"/>
      <line num="3" count="0" type="stmt"/>
      <line num="4" count="1" type="stmt"/>
    </file>
  </project>
</coverage>
