TN:
SF:unit-basic/basic/add.js
FN:1,add
FNF:1
FNH:1
FNDA:1,add
DA:1,1
DA:2,1
DA:3,1
DA:4,1
LF:4
LH:4
BRDA:1,0,0,1
BRF:1
BRH:1
end_of_record
TN:
SF:unit-basic/basic/async.js
FN:1,fetchProduct
FNF:1
FNH:1
FNDA:5,fetchProduct
DA:1,5
DA:2,5
DA:3,1
DA:4,1
DA:5,4
DA:6,4
DA:7,1
DA:8,1
LF:8
LH:8
BRDA:1,0,0,5
BRDA:2,1,0,1
BRDA:5,2,0,4
BRF:3
BRH:3
end_of_record
TN:
SF:unit-basic/basic/calculator.js
FN:2,Calculator
FN:6,set
FN:10,clear
FN:14,add
FN:22,subtract
FN:25,multiply
FN:28,divide
FNF:7
FNH:7
FNDA:10,Calculator
FNDA:7,set
FNDA:1,clear
FNDA:2,add
FNDA:1,subtract
FNDA:1,multiply
FNDA:3,divide
DA:1,1
DA:2,1
DA:3,10
DA:4,10
DA:5,1
DA:6,1
DA:7,7
DA:8,7
DA:9,1
DA:10,1
DA:11,1
DA:12,1
DA:13,1
DA:14,1
DA:15,2
DA:16,2
DA:17,1
DA:18,1
DA:19,1
DA:20,1
DA:21,1
DA:22,1
DA:23,1
DA:24,1
DA:25,1
DA:26,1
DA:27,1
DA:28,1
DA:29,3
DA:30,3
DA:31,1
DA:32,1
DA:33,1
LF:33
LH:33
BRDA:2,0,0,10
BRDA:6,1,0,7
BRDA:10,2,0,1
BRDA:14,3,0,2
BRDA:16,4,0,1
BRDA:22,5,0,1
BRDA:25,6,0,1
BRDA:28,7,0,3
BRF:8
BRH:8
end_of_record
TN:
SF:unit-basic/mock/check/check.js
FN:1,check
FNF:1
FNH:1
FNDA:2,check
DA:1,2
DA:2,2
DA:3,1
DA:4,1
DA:5,1
DA:6,1
DA:7,2
DA:8,1
DA:9,1
LF:9
LH:9
BRDA:1,0,0,2
BRDA:2,1,0,1
BRF:2
BRH:2
end_of_record
TN:
SF:unit-basic/mock/product/bad/product_client.js
FN:2,fetchItems
FNF:1
FNH:0
FNDA:0,fetchItems
DA:1,1
DA:2,1
DA:3,0
DA:4,0
DA:5,1
DA:6,1
DA:7,1
LF:7
LH:5
BRF:0
BRH:0
end_of_record
TN:
SF:unit-basic/mock/product/bad/product_service_no_di.js
FN:4,ProductService
FN:8,fetchAvailableItems
FNF:2
FNH:2
FNDA:1,ProductService
FNDA:1,fetchAvailableItems
DA:1,1
DA:2,1
DA:3,1
DA:4,1
DA:5,1
DA:6,1
DA:7,1
DA:8,1
DA:9,1
DA:10,1
DA:11,1
DA:12,1
DA:13,1
LF:13
LH:13
BRDA:4,0,0,1
BRDA:8,1,0,1
BRDA:9,2,0,1
BRDA:9,3,0,2
BRF:4
BRH:4
end_of_record
TN:
SF:unit-basic/mock/product/good/product_service.js
FN:4,ProductService
FN:8,fetchAvailableItems
FNF:2
FNH:2
FNDA:1,ProductService
FNDA:1,fetchAvailableItems
DA:1,1
DA:2,1
DA:3,1
DA:4,1
DA:5,1
DA:6,1
DA:7,1
DA:8,1
DA:9,1
DA:10,1
DA:11,1
DA:12,1
DA:13,1
LF:13
LH:13
BRDA:4,0,0,1
BRDA:8,1,0,1
BRDA:9,2,0,1
BRDA:9,3,0,2
BRF:4
BRH:4
end_of_record
TN:
SF:unit-basic/mock/product/good/test/stub_product_client.js
FN:2,fetchItems
FNF:1
FNH:1
FNDA:1,fetchItems
DA:1,1
DA:2,1
DA:3,1
DA:4,1
DA:5,1
DA:6,1
DA:7,1
DA:8,1
DA:9,1
DA:10,1
LF:10
LH:10
BRDA:2,0,0,1
BRF:1
BRH:1
end_of_record
TN:
SF:unit-basic/mock/user/user_client.js
FN:5,login
FNF:1
FNH:0
FNDA:0,login
DA:1,1
DA:2,1
DA:3,1
DA:4,1
DA:5,1
DA:6,0
DA:7,0
DA:8,0
DA:9,1
DA:10,1
DA:11,1
LF:11
LH:8
BRF:0
BRH:0
end_of_record
TN:
SF:unit-basic/mock/user/user_service.js
FN:2,UserService
FN:6,login
FNF:2
FNH:2
FNDA:2,UserService
FNDA:3,login
DA:1,1
DA:2,1
DA:3,2
DA:4,2
DA:5,2
DA:6,1
DA:7,3
DA:8,2
DA:9,2
DA:10,2
DA:11,2
DA:12,3
DA:13,1
DA:14,1
LF:14
LH:14
BRDA:2,0,0,2
BRDA:6,1,0,3
BRDA:7,2,0,2
BRDA:10,3,0,2
BRF:4
BRH:4
end_of_record
TN:
SF:unit-basic/stack/stack.js
FN:19,<instance_members_initializer>
FN:21,Stack
FN:24,push
FN:32,pop
FN:42,get size
FNF:5
FNH:4
FNDA:4,<instance_members_initializer>
FNDA:4,Stack
FNDA:4,push
FNDA:2,pop
FNDA:0,get size
DA:1,1
DA:2,1
DA:3,1
DA:4,1
DA:5,1
DA:6,1
DA:7,1
DA:8,1
DA:9,1
DA:10,1
DA:11,1
DA:12,1
DA:13,1
DA:14,1
DA:15,1
DA:16,1
DA:17,1
DA:18,1
DA:19,1
DA:20,4
DA:21,1
DA:22,4
DA:23,4
DA:24,1
DA:25,4
DA:26,1
DA:27,1
DA:28,3
DA:29,3
DA:30,3
DA:31,3
DA:32,1
DA:33,2
DA:34,1
DA:35,1
DA:36,1
DA:37,1
DA:38,1
DA:39,1
DA:40,1
DA:41,1
DA:42,1
DA:43,0
DA:44,0
DA:45,1
DA:46,1
DA:47,1
LF:47
LH:45
BRDA:19,0,0,4
BRDA:21,1,0,4
BRDA:24,2,0,4
BRDA:25,3,0,1
BRDA:28,4,0,3
BRDA:32,5,0,2
BRDA:33,6,0,1
BRF:7
BRH:7
end_of_record
TN:
SF:unit-basic/stack/stack_ellie.js
FN:2,Stack
FN:6,size
FN:10,push
FN:14,pop
FN:21,peek
FNF:5
FNH:5
FNDA:6,Stack
FNDA:5,size
FNDA:5,push
FNDA:2,pop
FNDA:2,peek
DA:1,1
DA:2,1
DA:3,6
DA:4,6
DA:5,1
DA:6,1
DA:7,5
DA:8,5
DA:9,1
DA:10,1
DA:11,5
DA:12,5
DA:13,1
DA:14,1
DA:15,2
DA:16,1
DA:17,1
DA:18,1
DA:19,1
DA:20,1
DA:21,1
DA:22,2
DA:23,1
DA:24,1
DA:25,1
DA:26,1
DA:27,1
DA:28,1
DA:29,1
DA:30,1
LF:30
LH:30
BRDA:2,0,0,6
BRDA:6,1,0,5
BRDA:10,2,0,5
BRDA:14,3,0,2
BRDA:15,4,0,1
BRDA:21,5,0,2
BRDA:22,6,0,1
BRF:7
BRH:7
end_of_record
